<?xml version="1.0" encoding="UTF-8"?>
<Site BuildName="(empty)"
	BuildStamp="20250211-1548-Experimental"
	Name="(empty)"
	Generator="ctest-3.22.1"
	CompilerName=""
	CompilerVersion=""
	OSName="Linux"
	Hostname="kristian-XPS-9320"
	OSRelease="6.8.0-48-generic"
	OSVersion="#48~22.04.1-Ubuntu SMP PREEMPT_DYNAMIC Mon Oct  7 11:24:13 UTC 2"
	OSPlatform="x86_64"
	Is64Bits="1"
	VendorString="GenuineIntel"
	VendorID="Intel Corporation"
	FamilyID="6"
	ModelID="154"
	ProcessorCacheSize="12288"
	NumberOfLogicalCPU="16"
	NumberOfPhysicalCPU="12"
	TotalVirtualMemory="2047"
	TotalPhysicalMemory="15598"
	LogicalProcessorsPerPhysical="1"
	ProcessorClockFrequency="3298.5"
	>
	<Testing>
		<StartDateTime>Feb 11 16:50 CET</StartDateTime>
		<StartTestTime>1739289018</StartTestTime>
		<TestList/>
		<EndDateTime>Feb 11 16:50 CET</EndDateTime>
		<EndTestTime>1739289018</EndTestTime>
		<ElapsedMinutes>0</ElapsedMinutes>
	</Testing>
</Site>
